w:\cnt\robotserver\robotserver\debug\vc140.pdb
w:\cnt\robotserver\robotserver\debug\vc140.idb
w:\cnt\robotserver\robotserver\debug\robotserver.obj
w:\cnt\robotserver\robotserver\debug\stdafx.obj
c:\users\lpadron\desktop\cnt\robotserver\robotserver\debug\vc140.pdb
c:\users\lpadron\desktop\cnt\robotserver\robotserver\debug\vc140.idb
c:\users\lpadron\desktop\cnt\robotserver\robotserver\debug\robotserver.obj
c:\users\lpadron\desktop\cnt\robotserver\robotserver\debug\stdafx.obj
w:\cnt\robotserver\debug\robotserver.ilk
w:\cnt\robotserver\debug\robotserver.exe
w:\cnt\robotserver\debug\robotserver.pdb
c:\users\lpadron\desktop\cnt\robotserver\debug\robotserver.ilk
c:\users\lpadron\desktop\cnt\robotserver\debug\robotserver.exe
c:\users\lpadron\desktop\cnt\robotserver\debug\robotserver.pdb
c:\users\lpadron\desktop\cnt\robotserver\robotserver\debug\robotserver.tlog\cl.command.1.tlog
c:\users\lpadron\desktop\cnt\robotserver\robotserver\debug\robotserver.tlog\cl.read.1.tlog
c:\users\lpadron\desktop\cnt\robotserver\robotserver\debug\robotserver.tlog\cl.write.1.tlog
c:\users\lpadron\desktop\cnt\robotserver\robotserver\debug\robotserver.tlog\link.command.1.tlog
c:\users\lpadron\desktop\cnt\robotserver\robotserver\debug\robotserver.tlog\link.read.1.tlog
c:\users\lpadron\desktop\cnt\robotserver\robotserver\debug\robotserver.tlog\link.write.1.tlog
